###############################################################################
#                                                                             #
# IAR C/C++ Compiler V8.10.3.10338/W32 for 8051         29/Apr/2017  12:02:15 #
# Copyright 2004-2011 IAR Systems AB.                                         #
#                                                                             #
#    Core               =  plain                                              #
#    Code model         =  banked                                             #
#    Data model         =  large                                              #
#    Calling convention =  xdata reentrant                                    #
#    Constant location  =  data_rom                                           #
#    Dptr setup         =  1,16                                               #
#    Source file        =  D:\ZigBeecode\ZStack-CC2530-2.5.1a\Projects\zstack #
#                          \Samples\GenericApp\Source\Sensor.c                #
#    Command line       =  -f D:\ZigBeecode\ZStack-CC2530-2.5.1a\Projects\zst #
#                          ack\Samples\GenericApp\CC2530DB\..\..\..\Tools\CC2 #
#                          530DB\f8wCoord.cfg (-DCPU32MHZ -DROOT=__near_func  #
#                          -DMAC_CFG_APP_PENDING_QUEUE=TRUE                   #
#                          -DMAC_CFG_TX_DATA_MAX=5 -DMAC_CFG_TX_MAX=8         #
#                          -DMAC_CFG_RX_MAX=5 -DZDO_COORDINATOR -DRTR_NWK)    #
#                          -f D:\ZigBeecode\ZStack-CC2530-2.5.1a\Projects\zst #
#                          ack\Samples\GenericApp\CC2530DB\..\..\..\Tools\CC2 #
#                          530DB\f8wConfig.cfg (-DZIGBEEPRO -DSECURE=0        #
#                          -DZG_SECURE_DYNAMIC=0 -DREFLECTOR                  #
#                          -DDEFAULT_CHANLIST=0x00000800                      #
#                          -DZDAPP_CONFIG_PAN_ID=0x0004                       #
#                          -DNWK_START_DELAY=100 -DEXTENDED_JOINING_RANDOM_MA #
#                          SK=0x007F -DBEACON_REQUEST_DELAY=100               #
#                          -DBEACON_REQ_DELAY_MASK=0x00FF                     #
#                          -DLINK_STATUS_JITTER_MASK=0x007F                   #
#                          -DROUTE_EXPIRY_TIME=30 -DAPSC_ACK_WAIT_DURATION_PO #
#                          LLED=3000 -DNWK_INDIRECT_MSG_TIMEOUT=7             #
#                          -DMAX_RREQ_ENTRIES=8 -DAPSC_MAX_FRAME_RETRIES=3    #
#                          -DNWK_MAX_DATA_RETRIES=2                           #
#                          -DMAX_POLL_FAILURE_RETRIES=2 -DMAX_BCAST=9         #
#                          -DAPS_MAX_GROUPS=16 -DMAX_RTG_ENTRIES=40           #
#                          -DNWK_MAX_BINDING_ENTRIES=4                        #
#                          -DMAX_BINDING_CLUSTER_IDS=4 "-DDEFAULT_KEY={0x01,  #
#                          0x03, 0x05, 0x07, 0x09, 0x0B, 0x0D, 0x0F, 0x00,    #
#                          0x02, 0x04, 0x06, 0x08, 0x0A, 0x0C, 0x0D}"         #
#                          -DMAC_MAX_FRAME_SIZE=116                           #
#                          -DZDNWKMGR_MIN_TRANSMISSIONS=20 "-DCONST=const     #
#                          __code" -DGENERIC=__generic                        #
#                          -DRFD_RCVC_ALWAYS_ON=FALSE -DPOLL_RATE=1000        #
#                          -DQUEUED_POLL_RATE=100 -DRESPONSE_POLL_RATE=100)   #
#                          -DREJOIN_POLL_RATE=440 D:\ZigBeecode\ZStack-CC2530 #
#                          -2.5.1a\Projects\zstack\Samples\GenericApp\Source\ #
#                          Sensor.c -D ZTOOL_P1 -D MT_TASK -D MT_SYS_FUNC -D  #
#                          MT_ZDO_FUNC -D LCD_SUPPORTED=DEBUG -lC             #
#                          D:\ZigBeecode\ZStack-CC2530-2.5.1a\Projects\zstack #
#                          \Samples\GenericApp\CC2530DB\CoordinatorEB\List\   #
#                          -lA D:\ZigBeecode\ZStack-CC2530-2.5.1a\Projects\zs #
#                          tack\Samples\GenericApp\CC2530DB\CoordinatorEB\Lis #
#                          t\ --diag_suppress Pe001,Pa010 -o                  #
#                          D:\ZigBeecode\ZStack-CC2530-2.5.1a\Projects\zstack #
#                          \Samples\GenericApp\CC2530DB\CoordinatorEB\Obj\    #
#                          -e --no_code_motion --debug --core=plain           #
#                          --dptr=16,1 --data_model=large                     #
#                          --code_model=banked --calling_convention=xdata_ree #
#                          ntrant --place_constants=data_rom                  #
#                          --nr_virtual_regs 16 -I D:\ZigBeecode\ZStack-CC253 #
#                          0-2.5.1a\Projects\zstack\Samples\GenericApp\CC2530 #
#                          DB\ -I D:\ZigBeecode\ZStack-CC2530-2.5.1a\Projects #
#                          \zstack\Samples\GenericApp\CC2530DB\..\Source\ -I  #
#                          D:\ZigBeecode\ZStack-CC2530-2.5.1a\Projects\zstack #
#                          \Samples\GenericApp\CC2530DB\..\..\..\ZMain\TI2530 #
#                          DB\ -I D:\ZigBeecode\ZStack-CC2530-2.5.1a\Projects #
#                          \zstack\Samples\GenericApp\CC2530DB\..\..\..\..\.. #
#                          \Components\hal\include\ -I                        #
#                          D:\ZigBeecode\ZStack-CC2530-2.5.1a\Projects\zstack #
#                          \Samples\GenericApp\CC2530DB\..\..\..\..\..\Compon #
#                          ents\hal\target\CC2530EB\ -I                       #
#                          D:\ZigBeecode\ZStack-CC2530-2.5.1a\Projects\zstack #
#                          \Samples\GenericApp\CC2530DB\..\..\..\..\..\Compon #
#                          ents\mac\include\ -I D:\ZigBeecode\ZStack-CC2530-2 #
#                          .5.1a\Projects\zstack\Samples\GenericApp\CC2530DB\ #
#                          ..\..\..\..\..\Components\mac\high_level\ -I       #
#                          D:\ZigBeecode\ZStack-CC2530-2.5.1a\Projects\zstack #
#                          \Samples\GenericApp\CC2530DB\..\..\..\..\..\Compon #
#                          ents\mac\low_level\srf04\ -I                       #
#                          D:\ZigBeecode\ZStack-CC2530-2.5.1a\Projects\zstack #
#                          \Samples\GenericApp\CC2530DB\..\..\..\..\..\Compon #
#                          ents\mac\low_level\srf04\single_chip\ -I           #
#                          D:\ZigBeecode\ZStack-CC2530-2.5.1a\Projects\zstack #
#                          \Samples\GenericApp\CC2530DB\..\..\..\..\..\Compon #
#                          ents\mt\ -I D:\ZigBeecode\ZStack-CC2530-2.5.1a\Pro #
#                          jects\zstack\Samples\GenericApp\CC2530DB\..\..\..\ #
#                          ..\..\Components\osal\include\ -I                  #
#                          D:\ZigBeecode\ZStack-CC2530-2.5.1a\Projects\zstack #
#                          \Samples\GenericApp\CC2530DB\..\..\..\..\..\Compon #
#                          ents\services\saddr\ -I D:\ZigBeecode\ZStack-CC253 #
#                          0-2.5.1a\Projects\zstack\Samples\GenericApp\CC2530 #
#                          DB\..\..\..\..\..\Components\services\sdata\ -I    #
#                          D:\ZigBeecode\ZStack-CC2530-2.5.1a\Projects\zstack #
#                          \Samples\GenericApp\CC2530DB\..\..\..\..\..\Compon #
#                          ents\stack\af\ -I D:\ZigBeecode\ZStack-CC2530-2.5. #
#                          1a\Projects\zstack\Samples\GenericApp\CC2530DB\..\ #
#                          ..\..\..\..\Components\stack\nwk\ -I               #
#                          D:\ZigBeecode\ZStack-CC2530-2.5.1a\Projects\zstack #
#                          \Samples\GenericApp\CC2530DB\..\..\..\..\..\Compon #
#                          ents\stack\sapi\ -I D:\ZigBeecode\ZStack-CC2530-2. #
#                          5.1a\Projects\zstack\Samples\GenericApp\CC2530DB\. #
#                          .\..\..\..\..\Components\stack\sec\ -I             #
#                          D:\ZigBeecode\ZStack-CC2530-2.5.1a\Projects\zstack #
#                          \Samples\GenericApp\CC2530DB\..\..\..\..\..\Compon #
#                          ents\stack\sys\ -I D:\ZigBeecode\ZStack-CC2530-2.5 #
#                          .1a\Projects\zstack\Samples\GenericApp\CC2530DB\.. #
#                          \..\..\..\..\Components\stack\zdo\ -I              #
#                          D:\ZigBeecode\ZStack-CC2530-2.5.1a\Projects\zstack #
#                          \Samples\GenericApp\CC2530DB\..\..\..\..\..\Compon #
#                          ents\zmac\ -I D:\ZigBeecode\ZStack-CC2530-2.5.1a\P #
#                          rojects\zstack\Samples\GenericApp\CC2530DB\..\..\. #
#                          .\..\..\Components\zmac\f8w\ -Ohz                  #
#                          --require_prototypes                               #
#    List file          =  D:\ZigBeecode\ZStack-CC2530-2.5.1a\Projects\zstack #
#                          \Samples\GenericApp\CC2530DB\CoordinatorEB\List\Se #
#                          nsor.lst                                           #
#    Object file        =  D:\ZigBeecode\ZStack-CC2530-2.5.1a\Projects\zstack #
#                          \Samples\GenericApp\CC2530DB\CoordinatorEB\Obj\Sen #
#                          sor.r51                                            #
#                                                                             #
#                                                                             #
###############################################################################

D:\ZigBeecode\ZStack-CC2530-2.5.1a\Projects\zstack\Samples\GenericApp\Source\Sensor.c
      1          #include "Sensor.h"
      2          #include<ioCC2530.h>
      3          
      4          #define ADC_REF_115V 0x00
      5          #define ADC_DEC_256 0x20
      6          #define ADC_CHN_TEMP 0x0e
      7          #define ADC_DEC_064 0x00
      8          #define ADC_CHN_VDD3 0x0f
      9          
     10          ine8 readTemp(void)
                 ^
Error[Pe020]: identifier "ine8" is undefined

  ine8 readTemp(void)
       ^
"D:\ZigBeecode\ZStack-CC2530-2.5.1a\Projects\zstack\Samples\GenericApp\Source\Sensor.c",10  Error[Pe147]: 
          declaration is incompatible with
          "__banked_func __xdata_reentrant int8 readTemp(void)" (declared at
          line 6 of
          "D:\ZigBeecode\ZStack-CC2530-2.5.1a\Projects\zstack\Samples\GenericAp
          p\Source\Sensor.h")
     11          {
     12            static uint16 reference_voltage;
     13            static uint8 bCalibrate=true;
                                           ^
Error[Pe020]: identifier "true" is undefined
     14            unsigned char tmpADCCON3=ADCCON3;
     15            uint16 value;
     16            int8 temp;
     17            
     18            ATEST=0x01;
     19            TRO |=0x01;
                   ^
Error[Pe020]: identifier "TRO" is undefined
     20            ADCIF=0;
     21          ADCCON3=(ADC_REF_115V | ADC_DEC_256 | ADC_CHN_TEMP )  ;
     22          while(!ADCIF);
     23          ADCIF=0;
     24          value=ADCL;
     25          value |=((uint16)ADCH)<<8;
     26          value >>=4;
     27          ADCCON3=tmpADCCON3;
     28            if(bCalibrate)
     29            {
     30              reference_voltage=value;
     31              bCalibrate=FALSE;
     32            }
     33            temp=22+((value-reference_voltage)/4);
     34            return temp;
     35          
     36          }
     37          
     38          unsigned int getVddvalue(void)
     39          {
     40            unsigned int value;
     41            unsigned char tmpADCCON3=ADCCON3;
     42            
     43            ADCIF=0;
     44            ADCCON3=(ADC_REF_115V | ADC_DEC_064 | ADC_CHN_VDD3);
     45            while(!ADCIF);
     46            
     47            value=ADCH;
     48            ADCCON3=tmpADCCON3;
     49            
     50            return(value);
     51          }

Errors: 4
Warnings: none
