C51 COMPILER V9.01   MAIN                                                                  01/14/2016 13:50:23 PAGE 1   


C51 COMPILER V9.01, COMPILATION OF MODULE MAIN
OBJECT MODULE PLACED IN Main.OBJ
COMPILER INVOKED BY: C:\Keil\C51\BIN\C51.EXE Main.c BROWSE DEBUG OBJECTEXTEND

line level    source

   1          /*
   2           1、本程序用于测试4相步进电机常规驱动 
   3           2、需要用跳帽或者杜邦线把信号输出端和对应的步进电机信号输入端连接起来
   4           3、速度不可以调节的过快，不然就没有力矩转动了
   5           可以按照给的原理图接线
   6            接P1.0-P1.3
   7          */
   8          
   9          
  10          #include <reg52.h>
  11          
  12          
  13          unsigned char code F_Rotation[4]={0x01,0x02,0x04,0x08};//正转表格
  14          
  15          void Delay(unsigned int i)//延时
  16          {
  17   1       while(--i);              
  18   1      }
  19          
  20          main()
  21          {
  22   1       
  23   1       unsigned char i;
  24   1      
  25   1      
  26   1       while(1)
  27   1       {
  28   2        for(i=0;i<4;i++)      //4相
  29   2           {
  30   3                   P1=F_Rotation[i];  //输出对应的相 可以自行换成反转表格
  31   3                   Delay(500);        //改变这个参数可以调整电机转速
  32   3               }
  33   2        }
  34   1      }


MODULE INFORMATION:   STATIC OVERLAYABLE
   CODE SIZE        =     32    ----
   CONSTANT SIZE    =      4    ----
   XDATA SIZE       =   ----    ----
   PDATA SIZE       =   ----    ----
   DATA SIZE        =   ----    ----
   IDATA SIZE       =   ----    ----
   BIT SIZE         =   ----    ----
END OF MODULE INFORMATION.


C51 COMPILATION COMPLETE.  0 WARNING(S),  0 ERROR(S)
